<?xml version="1.0" encoding="UTF-8"?>
<testsuite name="PRIMAv3Test" tests="14" skipped="0" failures="0" errors="0" timestamp="2019-12-03T21:35:09" hostname="DESKTOP-STS8VQ4" time="0.018">
  <properties/>
  <testcase name="prima_c10" classname="PRIMAv3Test" time="0.007"/>
  <testcase name="prima_c11" classname="PRIMAv3Test" time="0.0"/>
  <testcase name="prima_c12" classname="PRIMAv3Test" time="0.0"/>
  <testcase name="prima_c13" classname="PRIMAv3Test" time="0.001"/>
  <testcase name="prima_c14" classname="PRIMAv3Test" time="0.0"/>
  <testcase name="prima_c1" classname="PRIMAv3Test" time="0.0"/>
  <testcase name="prima_c2" classname="PRIMAv3Test" time="0.0"/>
  <testcase name="prima_c3" classname="PRIMAv3Test" time="0.0"/>
  <testcase name="prima_c4" classname="PRIMAv3Test" time="0.0"/>
  <testcase name="prima_c5" classname="PRIMAv3Test" time="0.001"/>
  <testcase name="prima_c6" classname="PRIMAv3Test" time="0.0"/>
  <testcase name="prima_c7" classname="PRIMAv3Test" time="0.001"/>
  <testcase name="prima_c8" classname="PRIMAv3Test" time="0.002"/>
  <testcase name="prima_c9" classname="PRIMAv3Test" time="0.0"/>
  <system-out><![CDATA[Cálculo de Prima
Prima: 550
Cálculo de Prima
Prima: 750
Cálculo de Prima
No cumplen con los requisitos.
Cálculo de Prima
No cumplen con los requisitos.
Cálculo de Prima
No cumplen con los requisitos.
Cálculo de Prima
No cumplen con los requisitos.
Cálculo de Prima
Prima: 1350
Cálculo de Prima
Prima: 1400
Cálculo de Prima
Prima: 850
Cálculo de Prima
Prima: 900
Cálculo de Prima
Prima: 400
Cálculo de Prima
Prima: 500
Cálculo de Prima
Prima: 250
Cálculo de Prima
Prima: 400
]]></system-out>
  <system-err><![CDATA[]]></system-err>
</testsuite>
